  ConsoleApplication2.cpp
C:\Users\Фрешик\Desktop\ASM\Labs\semesters\6\varf\lab2\lab_vs_asm\ConsoleApplication2\ConsoleApplication2.cpp(40,18): error C2079: "ss" использует не имеющую определения структуру class "std::basic_stringstream<char,std::char_traits<char>,std::allocator<char>>"
C:\Users\Фрешик\Desktop\ASM\Labs\semesters\6\varf\lab2\lab_vs_asm\ConsoleApplication2\ConsoleApplication2.cpp(41,43): error C2677: бинарный "<<": не найден глобальный оператор, принимающий тип "std::_Timeobj<char,const tm *>" (или приемлемое преобразование отсутствует)
C:\Program Files\Microsoft Visual Studio\2022\Community\VC\Tools\MSVC\14.33.31629\include\iomanip(398,32): message : может быть "std::basic_ostream<_Elem,_Traits> &std::operator <<(std::basic_ostream<_Elem,_Traits> &,const std::_Smanip<_Arg> &)"
C:\Users\Фрешик\Desktop\ASM\Labs\semesters\6\varf\lab2\lab_vs_asm\ConsoleApplication2\ConsoleApplication2.cpp(41,43): error C2784: std::basic_ostream<_Elem,_Traits> &std::operator <<(std::basic_ostream<_Elem,_Traits> &,const std::_Smanip<_Arg> &): не удается составить аргумент шаблон для "std::basic_ostream<_Elem,_Traits> &" от "int"
C:\Program Files\Microsoft Visual Studio\2022\Community\VC\Tools\MSVC\14.33.31629\include\iomanip(398): message : см. объявление "std::operator <<"
C:\Users\Фрешик\Desktop\ASM\Labs\semesters\6\varf\lab2\lab_vs_asm\ConsoleApplication2\ConsoleApplication2.cpp(41,43): error C2784: std::basic_ostream<_Elem,_Traits> &std::operator <<(std::basic_ostream<_Elem,_Traits> &,const std::_Quote_in<_Elem,_Traits,_Alloc> &): не удается составить аргумент шаблон для "std::basic_ostream<_Elem,_Traits> &" от "int"
C:\Users\Фрешик\Desktop\ASM\Labs\semesters\6\varf\lab2\lab_vs_asm\ConsoleApplication2\ConsoleApplication2.cpp(41,43): error C2784: std::basic_ostream<_Elem,_Traits> &std::operator <<(std::basic_ostream<_Elem,_Traits> &,const std::_Quote_out<_Elem,_QuTraits,_Sizet> &): не удается составить аргумент шаблон для "std::basic_ostream<_Elem,_Traits> &" от "int"
C:\Users\Фрешик\Desktop\ASM\Labs\semesters\6\varf\lab2\lab_vs_asm\ConsoleApplication2\ConsoleApplication2.cpp(41,43): error C2784: std::basic_ostream<_Elem,_Traits> &std::operator <<(std::basic_ostream<_Elem,_Traits> &,const std::_Timeobj<_Elem2,const tm*> &): не удается составить аргумент шаблон для "std::basic_ostream<_Elem,_Traits> &" от "int"
C:\Users\Фрешик\Desktop\ASM\Labs\semesters\6\varf\lab2\lab_vs_asm\ConsoleApplication2\ConsoleApplication2.cpp(41,43): error C2784: std::basic_ostream<_Elem,_Traits> &std::operator <<(std::basic_ostream<_Elem,_Traits> &,const std::_Monobj<_Money> &): не удается составить аргумент шаблон для "std::basic_ostream<_Elem,_Traits> &" от "int"
C:\Users\Фрешик\Desktop\ASM\Labs\semesters\6\varf\lab2\lab_vs_asm\ConsoleApplication2\ConsoleApplication2.cpp(41,43): error C2784: std::basic_ostream<_Elem,_Traits> &std::operator <<(std::basic_ostream<_Elem,_Traits> &,const std::_Fillobj<_Elem2> &): не удается составить аргумент шаблон для "std::basic_ostream<_Elem,_Traits> &" от "int"
C:\Users\Фрешик\Desktop\ASM\Labs\semesters\6\varf\lab2\lab_vs_asm\ConsoleApplication2\ConsoleApplication2.cpp(41,43): error C2784: std::basic_ostream<_Elem,_Traits> &std::operator <<(std::basic_ostream<_Elem,_Traits> &,std::thread::id): не удается составить аргумент шаблон для "std::basic_ostream<_Elem,_Traits> &" от "int"
C:\Users\Фрешик\Desktop\ASM\Labs\semesters\6\varf\lab2\lab_vs_asm\ConsoleApplication2\ConsoleApplication2.cpp(41,43): error C2784: std::basic_ostream<_Elem,_Traits> &std::operator <<(std::basic_ostream<_Elem,_Traits> &,const std::error_code &): не удается составить аргумент шаблон для "std::basic_ostream<_Elem,_Traits> &" от "int"
C:\Users\Фрешик\Desktop\ASM\Labs\semesters\6\varf\lab2\lab_vs_asm\ConsoleApplication2\ConsoleApplication2.cpp(41): error C2783: _Ostr &&std::operator <<(_Ostr &&,const _Ty &): не удается составить аргумент шаблон для "__formal"
C:\Users\Фрешик\Desktop\ASM\Labs\semesters\6\varf\lab2\lab_vs_asm\ConsoleApplication2\ConsoleApplication2.cpp(41,43): error C2784: std::basic_ostream<char,_Traits> &std::operator <<(std::basic_ostream<char,_Traits> &,unsigned char): не удается составить аргумент шаблон для "std::basic_ostream<char,_Traits> &" от "int"
C:\Users\Фрешик\Desktop\ASM\Labs\semesters\6\varf\lab2\lab_vs_asm\ConsoleApplication2\ConsoleApplication2.cpp(41,43): error C2784: std::basic_ostream<char,_Traits> &std::operator <<(std::basic_ostream<char,_Traits> &,const unsigned char *): не удается составить аргумент шаблон для "std::basic_ostream<char,_Traits> &" от "int"
C:\Users\Фрешик\Desktop\ASM\Labs\semesters\6\varf\lab2\lab_vs_asm\ConsoleApplication2\ConsoleApplication2.cpp(41,43): error C2784: std::basic_ostream<char,_Traits> &std::operator <<(std::basic_ostream<char,_Traits> &,signed char): не удается составить аргумент шаблон для "std::basic_ostream<char,_Traits> &" от "int"
C:\Users\Фрешик\Desktop\ASM\Labs\semesters\6\varf\lab2\lab_vs_asm\ConsoleApplication2\ConsoleApplication2.cpp(41,43): error C2784: std::basic_ostream<char,_Traits> &std::operator <<(std::basic_ostream<char,_Traits> &,const signed char *): не удается составить аргумент шаблон для "std::basic_ostream<char,_Traits> &" от "int"
C:\Users\Фрешик\Desktop\ASM\Labs\semesters\6\varf\lab2\lab_vs_asm\ConsoleApplication2\ConsoleApplication2.cpp(41,43): error C2784: std::basic_ostream<_Elem,_Traits> &std::operator <<(std::basic_ostream<_Elem,_Traits> &,_Elem): не удается составить аргумент шаблон для "std::basic_ostream<_Elem,_Traits> &" от "int"
C:\Users\Фрешик\Desktop\ASM\Labs\semesters\6\varf\lab2\lab_vs_asm\ConsoleApplication2\ConsoleApplication2.cpp(41,43): error C2784: std::basic_ostream<_Elem,_Traits> &std::operator <<(std::basic_ostream<_Elem,_Traits> &,const _Elem *): не удается составить аргумент шаблон для "std::basic_ostream<_Elem,_Traits> &" от "int"
C:\Users\Фрешик\Desktop\ASM\Labs\semesters\6\varf\lab2\lab_vs_asm\ConsoleApplication2\ConsoleApplication2.cpp(41,43): error C2784: std::basic_ostream<char,_Traits> &std::operator <<(std::basic_ostream<char,_Traits> &,char): не удается составить аргумент шаблон для "std::basic_ostream<char,_Traits> &" от "int"
C:\Users\Фрешик\Desktop\ASM\Labs\semesters\6\varf\lab2\lab_vs_asm\ConsoleApplication2\ConsoleApplication2.cpp(41,43): error C2784: std::basic_ostream<char,_Traits> &std::operator <<(std::basic_ostream<char,_Traits> &,const char *): не удается составить аргумент шаблон для "std::basic_ostream<char,_Traits> &" от "int"
C:\Users\Фрешик\Desktop\ASM\Labs\semesters\6\varf\lab2\lab_vs_asm\ConsoleApplication2\ConsoleApplication2.cpp(41,43): error C2784: std::basic_ostream<_Elem,_Traits> &std::operator <<(std::basic_ostream<_Elem,_Traits> &,char): не удается составить аргумент шаблон для "std::basic_ostream<_Elem,_Traits> &" от "int"
C:\Users\Фрешик\Desktop\ASM\Labs\semesters\6\varf\lab2\lab_vs_asm\ConsoleApplication2\ConsoleApplication2.cpp(41,43): error C2784: std::basic_ostream<_Elem,_Traits> &std::operator <<(std::basic_ostream<_Elem,_Traits> &,const char *): не удается составить аргумент шаблон для "std::basic_ostream<_Elem,_Traits> &" от "int"
C:\Users\Фрешик\Desktop\ASM\Labs\semesters\6\varf\lab2\lab_vs_asm\ConsoleApplication2\ConsoleApplication2.cpp(41,43): error C2784: std::basic_ostream<_Elem,_Traits> &std::operator <<(std::basic_ostream<_Elem,_Traits> &,const std::unique_ptr<_Ty2,_Dx2> &): не удается составить аргумент шаблон для "std::basic_ostream<_Elem,_Traits> &" от "int"
C:\Users\Фрешик\Desktop\ASM\Labs\semesters\6\varf\lab2\lab_vs_asm\ConsoleApplication2\ConsoleApplication2.cpp(41,43): error C2784: std::basic_ostream<_Elem,_Traits> &std::operator <<(std::basic_ostream<_Elem,_Traits> &,const std::shared_ptr<_Ty> &): не удается составить аргумент шаблон для "std::basic_ostream<_Elem,_Traits> &" от "int"
C:\Users\Фрешик\Desktop\ASM\Labs\semesters\6\varf\lab2\lab_vs_asm\ConsoleApplication2\ConsoleApplication2.cpp(41,43): error C2784: std::basic_ostream<_Elem,_Traits> &std::operator <<(std::basic_ostream<_Elem,_Traits> &,const std::basic_string<_Elem,_Traits,_Alloc> &): не удается составить аргумент шаблон для "std::basic_ostream<_Elem,_Traits> &" от "int"
